<?xml version="1.0" encoding="UTF-8"?>
<testsuite name="com.semillero.rest.RestApplicationTests" tests="1" skipped="0" failures="0" errors="0" timestamp="2023-02-21T02:30:08" hostname="BOG-C87PGK3" time="2.075">
  <properties/>
  <testcase name="contextLoads()" classname="com.semillero.rest.RestApplicationTests" time="2.075"/>
  <system-out><![CDATA[21:29:58.392 [Test worker] DEBUG org.springframework.test.context.BootstrapUtils - Instantiating CacheAwareContextLoaderDelegate from class [org.springframework.test.context.cache.DefaultCacheAwareContextLoaderDelegate]
21:29:58.463 [Test worker] DEBUG org.springframework.test.context.BootstrapUtils - Instantiating BootstrapContext using constructor [public org.springframework.test.context.support.DefaultBootstrapContext(java.lang.Class,org.springframework.test.context.CacheAwareContextLoaderDelegate)]
21:29:58.637 [Test worker] DEBUG org.springframework.test.context.BootstrapUtils - Instantiating TestContextBootstrapper for test class [com.semillero.rest.RestApplicationTests] from class [org.springframework.boot.test.context.SpringBootTestContextBootstrapper]
21:29:58.724 [Test worker] INFO org.springframework.boot.test.context.SpringBootTestContextBootstrapper - Neither @ContextConfiguration nor @ContextHierarchy found for test class [com.semillero.rest.RestApplicationTests], using SpringBootContextLoader
21:29:58.748 [Test worker] DEBUG org.springframework.test.context.support.AbstractContextLoader - Did not detect default resource location for test class [com.semillero.rest.RestApplicationTests]: class path resource [com/semillero/rest/RestApplicationTests-context.xml] does not exist
21:29:58.752 [Test worker] DEBUG org.springframework.test.context.support.AbstractContextLoader - Did not detect default resource location for test class [com.semillero.rest.RestApplicationTests]: class path resource [com/semillero/rest/RestApplicationTestsContext.groovy] does not exist
21:29:58.753 [Test worker] INFO org.springframework.test.context.support.AbstractContextLoader - Could not detect default resource locations for test class [com.semillero.rest.RestApplicationTests]: no resource found for suffixes {-context.xml, Context.groovy}.
21:29:58.756 [Test worker] INFO org.springframework.test.context.support.AnnotationConfigContextLoaderUtils - Could not detect default configuration classes for test class [com.semillero.rest.RestApplicationTests]: RestApplicationTests does not declare any static, non-private, non-final, nested classes annotated with @Configuration.
21:29:58.998 [Test worker] DEBUG org.springframework.test.context.support.ActiveProfilesUtils - Could not find an 'annotation declaring class' for annotation type [org.springframework.test.context.ActiveProfiles] and class [com.semillero.rest.RestApplicationTests]
21:29:59.340 [Test worker] DEBUG org.springframework.context.annotation.ClassPathScanningCandidateComponentProvider - Identified candidate component class: file [/mnt/c/Users/cmunozmu/Downloads/Micros.-master/micro_imagen/build/classes/java/main/com/semillero/rest/RestApplication.class]
21:29:59.347 [Test worker] INFO org.springframework.boot.test.context.SpringBootTestContextBootstrapper - Found @SpringBootConfiguration com.semillero.rest.RestApplication for test class com.semillero.rest.RestApplicationTests
21:29:59.982 [Test worker] DEBUG org.springframework.boot.test.context.SpringBootTestContextBootstrapper - @TestExecutionListeners is not present for class [com.semillero.rest.RestApplicationTests]: using defaults.
21:29:59.985 [Test worker] INFO org.springframework.boot.test.context.SpringBootTestContextBootstrapper - Loaded default TestExecutionListener class names from location [META-INF/spring.factories]: [org.springframework.boot.test.autoconfigure.restdocs.RestDocsTestExecutionListener, org.springframework.boot.test.autoconfigure.web.client.MockRestServiceServerResetTestExecutionListener, org.springframework.boot.test.autoconfigure.web.servlet.MockMvcPrintOnlyOnFailureTestExecutionListener, org.springframework.boot.test.autoconfigure.web.servlet.WebDriverTestExecutionListener, org.springframework.boot.test.autoconfigure.webservices.client.MockWebServiceServerTestExecutionListener, org.springframework.boot.test.mock.mockito.MockitoTestExecutionListener, org.springframework.boot.test.mock.mockito.ResetMocksTestExecutionListener, org.springframework.test.context.web.ServletTestExecutionListener, org.springframework.test.context.support.DirtiesContextBeforeModesTestExecutionListener, org.springframework.test.context.event.ApplicationEventsTestExecutionListener, org.springframework.test.context.support.DependencyInjectionTestExecutionListener, org.springframework.test.context.support.DirtiesContextTestExecutionListener, org.springframework.test.context.transaction.TransactionalTestExecutionListener, org.springframework.test.context.jdbc.SqlScriptsTestExecutionListener, org.springframework.test.context.event.EventPublishingTestExecutionListener]
21:30:00.095 [Test worker] DEBUG org.springframework.boot.test.context.SpringBootTestContextBootstrapper - Skipping candidate TestExecutionListener [org.springframework.test.context.transaction.TransactionalTestExecutionListener] due to a missing dependency. Specify custom listener classes or make the default listener classes and their required dependencies available. Offending class: [org/springframework/transaction/interceptor/TransactionAttributeSource]
21:30:00.098 [Test worker] DEBUG org.springframework.boot.test.context.SpringBootTestContextBootstrapper - Skipping candidate TestExecutionListener [org.springframework.test.context.jdbc.SqlScriptsTestExecutionListener] due to a missing dependency. Specify custom listener classes or make the default listener classes and their required dependencies available. Offending class: [org/springframework/transaction/interceptor/TransactionAttribute]
21:30:00.098 [Test worker] INFO org.springframework.boot.test.context.SpringBootTestContextBootstrapper - Using TestExecutionListeners: [org.springframework.test.context.web.ServletTestExecutionListener@505a9d7c, org.springframework.test.context.support.DirtiesContextBeforeModesTestExecutionListener@758c83d8, org.springframework.test.context.event.ApplicationEventsTestExecutionListener@129b4fe2, org.springframework.boot.test.mock.mockito.MockitoTestExecutionListener@5af3a0f, org.springframework.boot.test.autoconfigure.SpringBootDependencyInjectionTestExecutionListener@19ae6bb, org.springframework.test.context.support.DirtiesContextTestExecutionListener@10993713, org.springframework.test.context.event.EventPublishingTestExecutionListener@58359ebd, org.springframework.boot.test.autoconfigure.restdocs.RestDocsTestExecutionListener@24b6b8f6, org.springframework.boot.test.autoconfigure.web.client.MockRestServiceServerResetTestExecutionListener@72cf2de5, org.springframework.boot.test.autoconfigure.web.servlet.MockMvcPrintOnlyOnFailureTestExecutionListener@2bb7bd00, org.springframework.boot.test.autoconfigure.web.servlet.WebDriverTestExecutionListener@5f031ebd, org.springframework.boot.test.autoconfigure.webservices.client.MockWebServiceServerTestExecutionListener@4ee37ca3, org.springframework.boot.test.mock.mockito.ResetMocksTestExecutionListener@45c8d09f]
21:30:00.122 [Test worker] DEBUG org.springframework.test.context.support.AbstractDirtiesContextTestExecutionListener - Before test class: context [DefaultTestContext@2e11485 testClass = RestApplicationTests, testInstance = [null], testMethod = [null], testException = [null], mergedContextConfiguration = [WebMergedContextConfiguration@60dce7ea testClass = RestApplicationTests, locations = '{}', classes = '{class com.semillero.rest.RestApplication}', contextInitializerClasses = '[]', activeProfiles = '{}', propertySourceLocations = '{}', propertySourceProperties = '{org.springframework.boot.test.context.SpringBootTestContextBootstrapper=true}', contextCustomizers = set[org.springframework.boot.test.autoconfigure.actuate.metrics.MetricsExportContextCustomizerFactory$DisableMetricExportContextCustomizer@3af0a9da, org.springframework.boot.test.autoconfigure.properties.PropertyMappingContextCustomizer@0, org.springframework.boot.test.autoconfigure.web.servlet.WebDriverContextCustomizerFactory$Customizer@3f57bcad, org.springframework.boot.test.context.filter.ExcludeFilterContextCustomizer@36a5cabc, org.springframework.boot.test.json.DuplicateJsonObjectContextCustomizerFactory$DuplicateJsonObjectContextCustomizer@181e731e, org.springframework.boot.test.mock.mockito.MockitoContextCustomizer@0, org.springframework.boot.test.web.client.TestRestTemplateContextCustomizer@3bd323e9, org.springframework.boot.test.context.SpringBootTestArgs@1, org.springframework.boot.test.context.SpringBootTestWebEnvironment@3c3d9b6b], resourceBasePath = 'src/main/webapp', contextLoader = 'org.springframework.boot.test.context.SpringBootContextLoader', parent = [null]], attributes = map['org.springframework.test.context.web.ServletTestExecutionListener.activateListener' -> true]], class annotated with @DirtiesContext [false] with mode [null].

  .   ____          _            __ _ _
 /\\ / ___'_ __ _ _(_)_ __  __ _ \ \ \ \
( ( )\___ | '_ | '_| | '_ \/ _` | \ \ \ \
 \\/  ___)| |_)| | | | | || (_| |  ) ) ) )
  '  |____| .__|_| |_|_| |_\__, | / / / /
 =========|_|==============|___/=/_/_/_/
 :: Spring Boot ::                (v2.7.6)

2023-02-20 21:30:01.612  INFO 690 --- [    Test worker] com.semillero.rest.RestApplicationTests  : Starting RestApplicationTests using Java 11.0.17 on BOG-C87PGK3 with PID 690 (started by carolina in /mnt/c/Users/cmunozmu/Downloads/Micros.-master/micro_imagen)
2023-02-20 21:30:01.614  INFO 690 --- [    Test worker] com.semillero.rest.RestApplicationTests  : No active profile set, falling back to 1 default profile: "default"
2023-02-20 21:30:08.347  INFO 690 --- [    Test worker] com.semillero.rest.RestApplicationTests  : Started RestApplicationTests in 8.0 seconds (JVM running for 11.671)
]]></system-out>
  <system-err><![CDATA[]]></system-err>
</testsuite>
